2025-03-12 16:13:33,324 - INFO - Scraping scorecard from: https://www.espncricinfo.com/series/wpl-2024-25-1463356/mumbai-indians-women-vs-royal-challengers-bengaluru-women-20th-match-1469317/full-scorecard
2025-03-12 16:13:33,822 - INFO - Saving scorecard data to scorecard.json
2025-03-12 16:13:33,826 - INFO - Calculating player scores
2025-03-12 16:13:33,860 - INFO - Score calculation complete. Summary:
2025-03-12 16:13:33,879 - INFO - 
Team: Royal Challengers Bengaluru Women
2025-03-12 16:13:33,880 - INFO - Average Economy: 9.4
2025-03-12 16:13:33,881 - INFO - Average Strike Rate: 165.83
2025-03-12 16:13:33,882 - INFO - 
Top Performers:
2025-03-12 16:13:33,883 - INFO - Sabbhineni Meghana: 0 points
2025-03-12 16:13:33,883 - INFO - Smriti Mandhana: 0 points
2025-03-12 16:13:33,884 - INFO - Ellyse Perry: 0 points
2025-03-12 16:13:33,884 - INFO - Richa Ghosh: 0 points
2025-03-12 16:13:33,885 - INFO - Georgia Wareham: 0 points
2025-03-12 16:13:33,886 - INFO - 
Team: Mumbai Indians Women
2025-03-12 16:13:33,887 - INFO - Average Economy: 9.95
2025-03-12 16:13:33,887 - INFO - Average Strike Rate: 156.67
2025-03-12 16:13:33,888 - INFO - 
Top Performers:
2025-03-12 16:13:33,889 - INFO - Shabnim Ismail: 0 points
2025-03-12 16:13:33,889 - INFO - Nat Sciver-Brunt: 0 points
2025-03-12 16:13:33,890 - INFO - Hayley Matthews: 0 points
2025-03-12 16:13:33,890 - INFO - Amanjot Kaur: 0 points
2025-03-12 16:13:33,891 - INFO - Amelia Kerr: 0 points
2025-03-12 16:13:33,892 - INFO - 
Process completed successfully
2025-03-13 15:24:36,575 - INFO - Scraping scorecard from: https://www.espncricinfo.com/series/indian-premier-league-2024-1410320/mumbai-indians-vs-lucknow-super-giants-67th-match-1426305/full-scorecard
2025-03-13 15:24:36,913 - INFO - Saving scorecard data to scorecard.json
2025-03-13 15:24:36,915 - INFO - Calculating player scores
2025-03-13 15:24:36,932 - INFO - Score calculation complete. Summary:
2025-03-13 15:24:36,945 - INFO - 
Team: Lucknow Super Giants
2025-03-13 15:24:36,945 - INFO - Average Economy: 9.8
2025-03-13 15:24:36,946 - INFO - Average Strike Rate: 178.33
2025-03-13 15:24:36,946 - INFO - 
Top Performers:
2025-03-13 15:24:36,947 - INFO - Nicholas Pooran: 323 points
2025-03-13 15:24:36,947 - INFO - KL Rahul: 125 points
2025-03-13 15:24:36,947 - INFO - Krunal Pandya: 115 points
2025-03-13 15:24:36,948 - INFO - Ravi Bishnoi: 63.5 points
2025-03-13 15:24:36,948 - INFO - Ayush Badoni: 63 points
2025-03-13 15:24:36,949 - INFO - 
Team: Mumbai Indians
2025-03-13 15:24:36,949 - INFO - Average Economy: 10.7
2025-03-13 15:24:36,949 - INFO - Average Strike Rate: 163.33
2025-03-13 15:24:36,950 - INFO - 
Top Performers:
2025-03-13 15:24:36,950 - INFO - Naman Dhir: 188 points
2025-03-13 15:24:36,951 - INFO - Rohit Sharma: 186 points
2025-03-13 15:24:36,951 - INFO - Nuwan Thushara: 157.5 points
2025-03-13 15:24:36,951 - INFO - Nehal Wadhera: 45 points
2025-03-13 15:24:36,952 - INFO - Hardik Pandya: 20.5 points
2025-03-13 15:24:36,952 - INFO - 
Process completed successfully
2025-03-13 15:30:12,650 - INFO - Scraping scorecard from: https://www.espncricinfo.com/series/wpl-2024-25-1463356/mumbai-indians-women-vs-gujarat-giants-women-eliminator-1469318/live-cricket-score
2025-03-13 15:30:13,280 - ERROR - Failed to scrape scorecard data
2025-03-13 15:30:31,790 - INFO - Scraping scorecard from: https://www.espncricinfo.com/series/wpl-2024-25-1463356/mumbai-indians-women-vs-gujarat-giants-women-eliminator-1469318/full-scorecard
2025-03-13 15:30:32,283 - INFO - Saving scorecard data to scorecard.json
2025-03-13 15:30:32,285 - INFO - Calculating player scores
2025-03-13 15:30:32,302 - INFO - Score calculation complete. Summary:
2025-03-13 15:30:32,313 - INFO - 
Team: Mumbai Indians Women
2025-03-13 15:30:32,314 - INFO - Average Economy: 0.0
2025-03-13 15:30:32,314 - INFO - Average Strike Rate: 181.17
2025-03-13 15:30:32,314 - INFO - 
Top Performers:
2025-03-13 15:30:32,315 - INFO - Yastika Bhatia: 0 points
2025-03-13 15:30:32,315 - INFO - Hayley Matthews: 0 points
2025-03-13 15:30:32,316 - INFO - Nat Sciver-Brunt: 0 points
2025-03-13 15:30:32,316 - INFO - Harmanpreet Kaur: 0 points
2025-03-13 15:30:32,316 - INFO - Sajeevan Sajana: 0 points
2025-03-13 15:30:32,317 - INFO - 
Process completed successfully
